The system is: Linux - 3.10.0-693.21.1.el7.x86_64 - x86_64
Compiling the C compiler identification source file "CMakeCCompilerId.c" succeeded.
Compiler: /apps/gcc/5.2.0/install/bin/gcc 
Build flags: 
Id flags: 

The output was:
0


Compilation of the C compiler identification source "CMakeCCompilerId.c" produced "a.out"

The C compiler identification is GNU, found in "/home/jbane/tritium/Tri_offline/kin_txt/CMakeFiles/3.5.1/CompilerIdC/a.out"

Compiling the CXX compiler identification source file "CMakeCXXCompilerId.cpp" succeeded.
Compiler: /apps/gcc/5.2.0/install/bin/c++ 
Build flags: 
Id flags: 

The output was:
0


Compilation of the CXX compiler identification source "CMakeCXXCompilerId.cpp" produced "a.out"

The CXX compiler identification is GNU, found in "/home/jbane/tritium/Tri_offline/kin_txt/CMakeFiles/3.5.1/CompilerIdCXX/a.out"

Determining if the C compiler works passed with the following output:
Change Dir: /home/jbane/tritium/Tri_offline/kin_txt/CMakeFiles/CMakeTmp

Run Build Command:"/usr/bin/gmake" "cmTC_9cd27/fast"
/usr/bin/gmake -f CMakeFiles/cmTC_9cd27.dir/build.make CMakeFiles/cmTC_9cd27.dir/build
gmake[1]: Entering directory `/home/jbane/tritium/Tri_offline/kin_txt/CMakeFiles/CMakeTmp'
Building C object CMakeFiles/cmTC_9cd27.dir/testCCompiler.c.o
/apps/gcc/5.2.0/install/bin/gcc     -o CMakeFiles/cmTC_9cd27.dir/testCCompiler.c.o   -c /home/jbane/tritium/Tri_offline/kin_txt/CMakeFiles/CMakeTmp/testCCompiler.c
Linking C executable cmTC_9cd27
/u/apps/cmake/cmake-3.5.1/bin/cmake -E cmake_link_script CMakeFiles/cmTC_9cd27.dir/link.txt --verbose=1
/apps/gcc/5.2.0/install/bin/gcc       CMakeFiles/cmTC_9cd27.dir/testCCompiler.c.o  -o cmTC_9cd27 -rdynamic 
gmake[1]: Leaving directory `/home/jbane/tritium/Tri_offline/kin_txt/CMakeFiles/CMakeTmp'


Detecting C compiler ABI info compiled with the following output:
Change Dir: /home/jbane/tritium/Tri_offline/kin_txt/CMakeFiles/CMakeTmp

Run Build Command:"/usr/bin/gmake" "cmTC_a6682/fast"
/usr/bin/gmake -f CMakeFiles/cmTC_a6682.dir/build.make CMakeFiles/cmTC_a6682.dir/build
gmake[1]: Entering directory `/home/jbane/tritium/Tri_offline/kin_txt/CMakeFiles/CMakeTmp'
Building C object CMakeFiles/cmTC_a6682.dir/CMakeCCompilerABI.c.o
/apps/gcc/5.2.0/install/bin/gcc     -o CMakeFiles/cmTC_a6682.dir/CMakeCCompilerABI.c.o   -c /u/apps/cmake/cmake-3.5.1/share/cmake-3.5/Modules/CMakeCCompilerABI.c
Linking C executable cmTC_a6682
/u/apps/cmake/cmake-3.5.1/bin/cmake -E cmake_link_script CMakeFiles/cmTC_a6682.dir/link.txt --verbose=1
/apps/gcc/5.2.0/install/bin/gcc      -v CMakeFiles/cmTC_a6682.dir/CMakeCCompilerABI.c.o  -o cmTC_a6682 -rdynamic  
Using built-in specs.
COLLECT_GCC=/apps/gcc/5.2.0/install/bin/gcc
COLLECT_LTO_WRAPPER=/u/apps/gcc/5.2.0/install/bin/../libexec/gcc/x86_64-unknown-linux-gnu/5.2.0/lto-wrapper
Target: x86_64-unknown-linux-gnu
Configured with: ../gcc-5.2.0/configure --prefix=/apps/gcc/5.2.0/install --with-gmp=/apps/gmp --with-mpfr=/apps/mpfr --with-mpc=/apps/mpc --with-isl=/apps/isl/0.14 --disable-multilib --enable-languages=c,c++,fortran
Thread model: posix
gcc version 5.2.0 (GCC) 
COMPILER_PATH=/u/apps/gcc/5.2.0/install/bin/../libexec/gcc/x86_64-unknown-linux-gnu/5.2.0/:/u/apps/gcc/5.2.0/install/bin/../libexec/gcc/
LIBRARY_PATH=/u/apps/gcc/5.2.0/install/bin/../lib/gcc/x86_64-unknown-linux-gnu/5.2.0/:/u/apps/gcc/5.2.0/install/bin/../lib/gcc/:/u/apps/gcc/5.2.0/install/bin/../lib/gcc/x86_64-unknown-linux-gnu/5.2.0/../../../../lib64/:/lib/../lib64/:/usr/lib/../lib64/:/u/apps/gcc/5.2.0/install/bin/../lib/gcc/x86_64-unknown-linux-gnu/5.2.0/../../../:/lib/:/usr/lib/
COLLECT_GCC_OPTIONS='-v' '-o' 'cmTC_a6682' '-rdynamic' '-mtune=generic' '-march=x86-64'
 /u/apps/gcc/5.2.0/install/bin/../libexec/gcc/x86_64-unknown-linux-gnu/5.2.0/collect2 -plugin /u/apps/gcc/5.2.0/install/bin/../libexec/gcc/x86_64-unknown-linux-gnu/5.2.0/liblto_plugin.so -plugin-opt=/u/apps/gcc/5.2.0/install/bin/../libexec/gcc/x86_64-unknown-linux-gnu/5.2.0/lto-wrapper -plugin-opt=-fresolution=/tmp/ccStbo1C.res -plugin-opt=-pass-through=-lgcc -plugin-opt=-pass-through=-lgcc_s -plugin-opt=-pass-through=-lc -plugin-opt=-pass-through=-lgcc -plugin-opt=-pass-through=-lgcc_s --eh-frame-hdr -m elf_x86_64 -export-dynamic -dynamic-linker /lib64/ld-linux-x86-64.so.2 -o cmTC_a6682 /lib/../lib64/crt1.o /lib/../lib64/crti.o /u/apps/gcc/5.2.0/install/bin/../lib/gcc/x86_64-unknown-linux-gnu/5.2.0/crtbegin.o -L/u/apps/gcc/5.2.0/install/bin/../lib/gcc/x86_64-unknown-linux-gnu/5.2.0 -L/u/apps/gcc/5.2.0/install/bin/../lib/gcc -L/u/apps/gcc/5.2.0/install/bin/../lib/gcc/x86_64-unknown-linux-gnu/5.2.0/../../../../lib64 -L/lib/../lib64 -L/usr/lib/../lib64 -L/u/apps/gcc/5.2.0/install/bin/../lib/gcc/x86_64-unknown-linux-gnu/5.2.0/../../.. CMakeFiles/cmTC_a6682.dir/CMakeCCompilerABI.c.o -lgcc --as-needed -lgcc_s --no-as-needed -lc -lgcc --as-needed -lgcc_s --no-as-needed /u/apps/gcc/5.2.0/install/bin/../lib/gcc/x86_64-unknown-linux-gnu/5.2.0/crtend.o /lib/../lib64/crtn.o
gmake[1]: Leaving directory `/home/jbane/tritium/Tri_offline/kin_txt/CMakeFiles/CMakeTmp'


Parsed C implicit link information from above output:
  link line regex: [^( *|.*[/\])(ld|([^/\]+-)?ld|collect2)[^/\]*( |$)]
  ignore line: [Change Dir: /home/jbane/tritium/Tri_offline/kin_txt/CMakeFiles/CMakeTmp]
  ignore line: []
  ignore line: [Run Build Command:"/usr/bin/gmake" "cmTC_a6682/fast"]
  ignore line: [/usr/bin/gmake -f CMakeFiles/cmTC_a6682.dir/build.make CMakeFiles/cmTC_a6682.dir/build]
  ignore line: [gmake[1]: Entering directory `/home/jbane/tritium/Tri_offline/kin_txt/CMakeFiles/CMakeTmp']
  ignore line: [Building C object CMakeFiles/cmTC_a6682.dir/CMakeCCompilerABI.c.o]
  ignore line: [/apps/gcc/5.2.0/install/bin/gcc     -o CMakeFiles/cmTC_a6682.dir/CMakeCCompilerABI.c.o   -c /u/apps/cmake/cmake-3.5.1/share/cmake-3.5/Modules/CMakeCCompilerABI.c]
  ignore line: [Linking C executable cmTC_a6682]
  ignore line: [/u/apps/cmake/cmake-3.5.1/bin/cmake -E cmake_link_script CMakeFiles/cmTC_a6682.dir/link.txt --verbose=1]
  ignore line: [/apps/gcc/5.2.0/install/bin/gcc      -v CMakeFiles/cmTC_a6682.dir/CMakeCCompilerABI.c.o  -o cmTC_a6682 -rdynamic  ]
  ignore line: [Using built-in specs.]
  ignore line: [COLLECT_GCC=/apps/gcc/5.2.0/install/bin/gcc]
  ignore line: [COLLECT_LTO_WRAPPER=/u/apps/gcc/5.2.0/install/bin/../libexec/gcc/x86_64-unknown-linux-gnu/5.2.0/lto-wrapper]
  ignore line: [Target: x86_64-unknown-linux-gnu]
  ignore line: [Configured with: ../gcc-5.2.0/configure --prefix=/apps/gcc/5.2.0/install --with-gmp=/apps/gmp --with-mpfr=/apps/mpfr --with-mpc=/apps/mpc --with-isl=/apps/isl/0.14 --disable-multilib --enable-languages=c,c++,fortran]
  ignore line: [Thread model: posix]
  ignore line: [gcc version 5.2.0 (GCC) ]
  ignore line: [COMPILER_PATH=/u/apps/gcc/5.2.0/install/bin/../libexec/gcc/x86_64-unknown-linux-gnu/5.2.0/:/u/apps/gcc/5.2.0/install/bin/../libexec/gcc/]
  ignore line: [LIBRARY_PATH=/u/apps/gcc/5.2.0/install/bin/../lib/gcc/x86_64-unknown-linux-gnu/5.2.0/:/u/apps/gcc/5.2.0/install/bin/../lib/gcc/:/u/apps/gcc/5.2.0/install/bin/../lib/gcc/x86_64-unknown-linux-gnu/5.2.0/../../../../lib64/:/lib/../lib64/:/usr/lib/../lib64/:/u/apps/gcc/5.2.0/install/bin/../lib/gcc/x86_64-unknown-linux-gnu/5.2.0/../../../:/lib/:/usr/lib/]
  ignore line: [COLLECT_GCC_OPTIONS='-v' '-o' 'cmTC_a6682' '-rdynamic' '-mtune=generic' '-march=x86-64']
  link line: [ /u/apps/gcc/5.2.0/install/bin/../libexec/gcc/x86_64-unknown-linux-gnu/5.2.0/collect2 -plugin /u/apps/gcc/5.2.0/install/bin/../libexec/gcc/x86_64-unknown-linux-gnu/5.2.0/liblto_plugin.so -plugin-opt=/u/apps/gcc/5.2.0/install/bin/../libexec/gcc/x86_64-unknown-linux-gnu/5.2.0/lto-wrapper -plugin-opt=-fresolution=/tmp/ccStbo1C.res -plugin-opt=-pass-through=-lgcc -plugin-opt=-pass-through=-lgcc_s -plugin-opt=-pass-through=-lc -plugin-opt=-pass-through=-lgcc -plugin-opt=-pass-through=-lgcc_s --eh-frame-hdr -m elf_x86_64 -export-dynamic -dynamic-linker /lib64/ld-linux-x86-64.so.2 -o cmTC_a6682 /lib/../lib64/crt1.o /lib/../lib64/crti.o /u/apps/gcc/5.2.0/install/bin/../lib/gcc/x86_64-unknown-linux-gnu/5.2.0/crtbegin.o -L/u/apps/gcc/5.2.0/install/bin/../lib/gcc/x86_64-unknown-linux-gnu/5.2.0 -L/u/apps/gcc/5.2.0/install/bin/../lib/gcc -L/u/apps/gcc/5.2.0/install/bin/../lib/gcc/x86_64-unknown-linux-gnu/5.2.0/../../../../lib64 -L/lib/../lib64 -L/usr/lib/../lib64 -L/u/apps/gcc/5.2.0/install/bin/../lib/gcc/x86_64-unknown-linux-gnu/5.2.0/../../.. CMakeFiles/cmTC_a6682.dir/CMakeCCompilerABI.c.o -lgcc --as-needed -lgcc_s --no-as-needed -lc -lgcc --as-needed -lgcc_s --no-as-needed /u/apps/gcc/5.2.0/install/bin/../lib/gcc/x86_64-unknown-linux-gnu/5.2.0/crtend.o /lib/../lib64/crtn.o]
    arg [/u/apps/gcc/5.2.0/install/bin/../libexec/gcc/x86_64-unknown-linux-gnu/5.2.0/collect2] ==> ignore
    arg [-plugin] ==> ignore
    arg [/u/apps/gcc/5.2.0/install/bin/../libexec/gcc/x86_64-unknown-linux-gnu/5.2.0/liblto_plugin.so] ==> ignore
    arg [-plugin-opt=/u/apps/gcc/5.2.0/install/bin/../libexec/gcc/x86_64-unknown-linux-gnu/5.2.0/lto-wrapper] ==> ignore
    arg [-plugin-opt=-fresolution=/tmp/ccStbo1C.res] ==> ignore
    arg [-plugin-opt=-pass-through=-lgcc] ==> ignore
    arg [-plugin-opt=-pass-through=-lgcc_s] ==> ignore
    arg [-plugin-opt=-pass-through=-lc] ==> ignore
    arg [-plugin-opt=-pass-through=-lgcc] ==> ignore
    arg [-plugin-opt=-pass-through=-lgcc_s] ==> ignore
    arg [--eh-frame-hdr] ==> ignore
    arg [-m] ==> ignore
    arg [elf_x86_64] ==> ignore
    arg [-export-dynamic] ==> ignore
    arg [-dynamic-linker] ==> ignore
    arg [/lib64/ld-linux-x86-64.so.2] ==> ignore
    arg [-o] ==> ignore
    arg [cmTC_a6682] ==> ignore
    arg [/lib/../lib64/crt1.o] ==> ignore
    arg [/lib/../lib64/crti.o] ==> ignore
    arg [/u/apps/gcc/5.2.0/install/bin/../lib/gcc/x86_64-unknown-linux-gnu/5.2.0/crtbegin.o] ==> ignore
    arg [-L/u/apps/gcc/5.2.0/install/bin/../lib/gcc/x86_64-unknown-linux-gnu/5.2.0] ==> dir [/u/apps/gcc/5.2.0/install/bin/../lib/gcc/x86_64-unknown-linux-gnu/5.2.0]
    arg [-L/u/apps/gcc/5.2.0/install/bin/../lib/gcc] ==> dir [/u/apps/gcc/5.2.0/install/bin/../lib/gcc]
    arg [-L/u/apps/gcc/5.2.0/install/bin/../lib/gcc/x86_64-unknown-linux-gnu/5.2.0/../../../../lib64] ==> dir [/u/apps/gcc/5.2.0/install/bin/../lib/gcc/x86_64-unknown-linux-gnu/5.2.0/../../../../lib64]
    arg [-L/lib/../lib64] ==> dir [/lib/../lib64]
    arg [-L/usr/lib/../lib64] ==> dir [/usr/lib/../lib64]
    arg [-L/u/apps/gcc/5.2.0/install/bin/../lib/gcc/x86_64-unknown-linux-gnu/5.2.0/../../..] ==> dir [/u/apps/gcc/5.2.0/install/bin/../lib/gcc/x86_64-unknown-linux-gnu/5.2.0/../../..]
    arg [CMakeFiles/cmTC_a6682.dir/CMakeCCompilerABI.c.o] ==> ignore
    arg [-lgcc] ==> lib [gcc]
    arg [--as-needed] ==> ignore
    arg [-lgcc_s] ==> lib [gcc_s]
    arg [--no-as-needed] ==> ignore
    arg [-lc] ==> lib [c]
    arg [-lgcc] ==> lib [gcc]
    arg [--as-needed] ==> ignore
    arg [-lgcc_s] ==> lib [gcc_s]
    arg [--no-as-needed] ==> ignore
    arg [/u/apps/gcc/5.2.0/install/bin/../lib/gcc/x86_64-unknown-linux-gnu/5.2.0/crtend.o] ==> ignore
    arg [/lib/../lib64/crtn.o] ==> ignore
  remove lib [gcc]
  remove lib [gcc_s]
  remove lib [gcc]
  remove lib [gcc_s]
  collapse library dir [/u/apps/gcc/5.2.0/install/bin/../lib/gcc/x86_64-unknown-linux-gnu/5.2.0] ==> [/u/apps/gcc/5.2.0/install/lib/gcc/x86_64-unknown-linux-gnu/5.2.0]
  collapse library dir [/u/apps/gcc/5.2.0/install/bin/../lib/gcc] ==> [/u/apps/gcc/5.2.0/install/lib/gcc]
  collapse library dir [/u/apps/gcc/5.2.0/install/bin/../lib/gcc/x86_64-unknown-linux-gnu/5.2.0/../../../../lib64] ==> [/u/apps/gcc/5.2.0/install/lib64]
  collapse library dir [/lib/../lib64] ==> [/lib64]
  collapse library dir [/usr/lib/../lib64] ==> [/usr/lib64]
  collapse library dir [/u/apps/gcc/5.2.0/install/bin/../lib/gcc/x86_64-unknown-linux-gnu/5.2.0/../../..] ==> [/u/apps/gcc/5.2.0/install/lib]
  implicit libs: [c]
  implicit dirs: [/u/apps/gcc/5.2.0/install/lib/gcc/x86_64-unknown-linux-gnu/5.2.0;/u/apps/gcc/5.2.0/install/lib/gcc;/u/apps/gcc/5.2.0/install/lib64;/lib64;/usr/lib64;/u/apps/gcc/5.2.0/install/lib]
  implicit fwks: []




Detecting C [-std=c11] compiler features compiled with the following output:
Change Dir: /home/jbane/tritium/Tri_offline/kin_txt/CMakeFiles/CMakeTmp

Run Build Command:"/usr/bin/gmake" "cmTC_aa658/fast"
/usr/bin/gmake -f CMakeFiles/cmTC_aa658.dir/build.make CMakeFiles/cmTC_aa658.dir/build
gmake[1]: Entering directory `/home/jbane/tritium/Tri_offline/kin_txt/CMakeFiles/CMakeTmp'
Building C object CMakeFiles/cmTC_aa658.dir/feature_tests.c.o
/apps/gcc/5.2.0/install/bin/gcc    -std=c11 -o CMakeFiles/cmTC_aa658.dir/feature_tests.c.o   -c /home/jbane/tritium/Tri_offline/kin_txt/CMakeFiles/feature_tests.c
Linking C executable cmTC_aa658
/u/apps/cmake/cmake-3.5.1/bin/cmake -E cmake_link_script CMakeFiles/cmTC_aa658.dir/link.txt --verbose=1
/apps/gcc/5.2.0/install/bin/gcc       CMakeFiles/cmTC_aa658.dir/feature_tests.c.o  -o cmTC_aa658 -rdynamic 
gmake[1]: Leaving directory `/home/jbane/tritium/Tri_offline/kin_txt/CMakeFiles/CMakeTmp'


    Feature record: C_FEATURE:1c_function_prototypes
    Feature record: C_FEATURE:1c_restrict
    Feature record: C_FEATURE:1c_static_assert
    Feature record: C_FEATURE:1c_variadic_macros


Detecting C [-std=c99] compiler features compiled with the following output:
Change Dir: /home/jbane/tritium/Tri_offline/kin_txt/CMakeFiles/CMakeTmp

Run Build Command:"/usr/bin/gmake" "cmTC_10465/fast"
/usr/bin/gmake -f CMakeFiles/cmTC_10465.dir/build.make CMakeFiles/cmTC_10465.dir/build
gmake[1]: Entering directory `/home/jbane/tritium/Tri_offline/kin_txt/CMakeFiles/CMakeTmp'
Building C object CMakeFiles/cmTC_10465.dir/feature_tests.c.o
/apps/gcc/5.2.0/install/bin/gcc    -std=c99 -o CMakeFiles/cmTC_10465.dir/feature_tests.c.o   -c /home/jbane/tritium/Tri_offline/kin_txt/CMakeFiles/feature_tests.c
Linking C executable cmTC_10465
/u/apps/cmake/cmake-3.5.1/bin/cmake -E cmake_link_script CMakeFiles/cmTC_10465.dir/link.txt --verbose=1
/apps/gcc/5.2.0/install/bin/gcc       CMakeFiles/cmTC_10465.dir/feature_tests.c.o  -o cmTC_10465 -rdynamic 
gmake[1]: Leaving directory `/home/jbane/tritium/Tri_offline/kin_txt/CMakeFiles/CMakeTmp'


    Feature record: C_FEATURE:1c_function_prototypes
    Feature record: C_FEATURE:1c_restrict
    Feature record: C_FEATURE:0c_static_assert
    Feature record: C_FEATURE:1c_variadic_macros


Detecting C [-std=c90] compiler features compiled with the following output:
Change Dir: /home/jbane/tritium/Tri_offline/kin_txt/CMakeFiles/CMakeTmp

Run Build Command:"/usr/bin/gmake" "cmTC_4d468/fast"
/usr/bin/gmake -f CMakeFiles/cmTC_4d468.dir/build.make CMakeFiles/cmTC_4d468.dir/build
gmake[1]: Entering directory `/home/jbane/tritium/Tri_offline/kin_txt/CMakeFiles/CMakeTmp'
Building C object CMakeFiles/cmTC_4d468.dir/feature_tests.c.o
/apps/gcc/5.2.0/install/bin/gcc    -std=c90 -o CMakeFiles/cmTC_4d468.dir/feature_tests.c.o   -c /home/jbane/tritium/Tri_offline/kin_txt/CMakeFiles/feature_tests.c
Linking C executable cmTC_4d468
/u/apps/cmake/cmake-3.5.1/bin/cmake -E cmake_link_script CMakeFiles/cmTC_4d468.dir/link.txt --verbose=1
/apps/gcc/5.2.0/install/bin/gcc       CMakeFiles/cmTC_4d468.dir/feature_tests.c.o  -o cmTC_4d468 -rdynamic 
gmake[1]: Leaving directory `/home/jbane/tritium/Tri_offline/kin_txt/CMakeFiles/CMakeTmp'


    Feature record: C_FEATURE:1c_function_prototypes
    Feature record: C_FEATURE:0c_restrict
    Feature record: C_FEATURE:0c_static_assert
    Feature record: C_FEATURE:0c_variadic_macros
Determining if the CXX compiler works passed with the following output:
Change Dir: /home/jbane/tritium/Tri_offline/kin_txt/CMakeFiles/CMakeTmp

Run Build Command:"/usr/bin/gmake" "cmTC_5aa9a/fast"
/usr/bin/gmake -f CMakeFiles/cmTC_5aa9a.dir/build.make CMakeFiles/cmTC_5aa9a.dir/build
gmake[1]: Entering directory `/home/jbane/tritium/Tri_offline/kin_txt/CMakeFiles/CMakeTmp'
Building CXX object CMakeFiles/cmTC_5aa9a.dir/testCXXCompiler.cxx.o
/apps/gcc/5.2.0/install/bin/c++      -o CMakeFiles/cmTC_5aa9a.dir/testCXXCompiler.cxx.o -c /home/jbane/tritium/Tri_offline/kin_txt/CMakeFiles/CMakeTmp/testCXXCompiler.cxx
Linking CXX executable cmTC_5aa9a
/u/apps/cmake/cmake-3.5.1/bin/cmake -E cmake_link_script CMakeFiles/cmTC_5aa9a.dir/link.txt --verbose=1
/apps/gcc/5.2.0/install/bin/c++        CMakeFiles/cmTC_5aa9a.dir/testCXXCompiler.cxx.o  -o cmTC_5aa9a -rdynamic 
gmake[1]: Leaving directory `/home/jbane/tritium/Tri_offline/kin_txt/CMakeFiles/CMakeTmp'


Detecting CXX compiler ABI info compiled with the following output:
Change Dir: /home/jbane/tritium/Tri_offline/kin_txt/CMakeFiles/CMakeTmp

Run Build Command:"/usr/bin/gmake" "cmTC_a19f5/fast"
/usr/bin/gmake -f CMakeFiles/cmTC_a19f5.dir/build.make CMakeFiles/cmTC_a19f5.dir/build
gmake[1]: Entering directory `/home/jbane/tritium/Tri_offline/kin_txt/CMakeFiles/CMakeTmp'
Building CXX object CMakeFiles/cmTC_a19f5.dir/CMakeCXXCompilerABI.cpp.o
/apps/gcc/5.2.0/install/bin/c++      -o CMakeFiles/cmTC_a19f5.dir/CMakeCXXCompilerABI.cpp.o -c /u/apps/cmake/cmake-3.5.1/share/cmake-3.5/Modules/CMakeCXXCompilerABI.cpp
Linking CXX executable cmTC_a19f5
/u/apps/cmake/cmake-3.5.1/bin/cmake -E cmake_link_script CMakeFiles/cmTC_a19f5.dir/link.txt --verbose=1
/apps/gcc/5.2.0/install/bin/c++       -v CMakeFiles/cmTC_a19f5.dir/CMakeCXXCompilerABI.cpp.o  -o cmTC_a19f5 -rdynamic  
Using built-in specs.
COLLECT_GCC=/apps/gcc/5.2.0/install/bin/c++
COLLECT_LTO_WRAPPER=/u/apps/gcc/5.2.0/install/bin/../libexec/gcc/x86_64-unknown-linux-gnu/5.2.0/lto-wrapper
Target: x86_64-unknown-linux-gnu
Configured with: ../gcc-5.2.0/configure --prefix=/apps/gcc/5.2.0/install --with-gmp=/apps/gmp --with-mpfr=/apps/mpfr --with-mpc=/apps/mpc --with-isl=/apps/isl/0.14 --disable-multilib --enable-languages=c,c++,fortran
Thread model: posix
gcc version 5.2.0 (GCC) 
COMPILER_PATH=/u/apps/gcc/5.2.0/install/bin/../libexec/gcc/x86_64-unknown-linux-gnu/5.2.0/:/u/apps/gcc/5.2.0/install/bin/../libexec/gcc/
LIBRARY_PATH=/u/apps/gcc/5.2.0/install/bin/../lib/gcc/x86_64-unknown-linux-gnu/5.2.0/:/u/apps/gcc/5.2.0/install/bin/../lib/gcc/:/u/apps/gcc/5.2.0/install/bin/../lib/gcc/x86_64-unknown-linux-gnu/5.2.0/../../../../lib64/:/lib/../lib64/:/usr/lib/../lib64/:/u/apps/gcc/5.2.0/install/bin/../lib/gcc/x86_64-unknown-linux-gnu/5.2.0/../../../:/lib/:/usr/lib/
COLLECT_GCC_OPTIONS='-v' '-o' 'cmTC_a19f5' '-rdynamic' '-shared-libgcc' '-mtune=generic' '-march=x86-64'
 /u/apps/gcc/5.2.0/install/bin/../libexec/gcc/x86_64-unknown-linux-gnu/5.2.0/collect2 -plugin /u/apps/gcc/5.2.0/install/bin/../libexec/gcc/x86_64-unknown-linux-gnu/5.2.0/liblto_plugin.so -plugin-opt=/u/apps/gcc/5.2.0/install/bin/../libexec/gcc/x86_64-unknown-linux-gnu/5.2.0/lto-wrapper -plugin-opt=-fresolution=/tmp/cc1mHxwf.res -plugin-opt=-pass-through=-lgcc_s -plugin-opt=-pass-through=-lgcc -plugin-opt=-pass-through=-lc -plugin-opt=-pass-through=-lgcc_s -plugin-opt=-pass-through=-lgcc --eh-frame-hdr -m elf_x86_64 -export-dynamic -dynamic-linker /lib64/ld-linux-x86-64.so.2 -o cmTC_a19f5 /lib/../lib64/crt1.o /lib/../lib64/crti.o /u/apps/gcc/5.2.0/install/bin/../lib/gcc/x86_64-unknown-linux-gnu/5.2.0/crtbegin.o -L/u/apps/gcc/5.2.0/install/bin/../lib/gcc/x86_64-unknown-linux-gnu/5.2.0 -L/u/apps/gcc/5.2.0/install/bin/../lib/gcc -L/u/apps/gcc/5.2.0/install/bin/../lib/gcc/x86_64-unknown-linux-gnu/5.2.0/../../../../lib64 -L/lib/../lib64 -L/usr/lib/../lib64 -L/u/apps/gcc/5.2.0/install/bin/../lib/gcc/x86_64-unknown-linux-gnu/5.2.0/../../.. CMakeFiles/cmTC_a19f5.dir/CMakeCXXCompilerABI.cpp.o -lstdc++ -lm -lgcc_s -lgcc -lc -lgcc_s -lgcc /u/apps/gcc/5.2.0/install/bin/../lib/gcc/x86_64-unknown-linux-gnu/5.2.0/crtend.o /lib/../lib64/crtn.o
gmake[1]: Leaving directory `/home/jbane/tritium/Tri_offline/kin_txt/CMakeFiles/CMakeTmp'


Parsed CXX implicit link information from above output:
  link line regex: [^( *|.*[/\])(ld|([^/\]+-)?ld|collect2)[^/\]*( |$)]
  ignore line: [Change Dir: /home/jbane/tritium/Tri_offline/kin_txt/CMakeFiles/CMakeTmp]
  ignore line: []
  ignore line: [Run Build Command:"/usr/bin/gmake" "cmTC_a19f5/fast"]
  ignore line: [/usr/bin/gmake -f CMakeFiles/cmTC_a19f5.dir/build.make CMakeFiles/cmTC_a19f5.dir/build]
  ignore line: [gmake[1]: Entering directory `/home/jbane/tritium/Tri_offline/kin_txt/CMakeFiles/CMakeTmp']
  ignore line: [Building CXX object CMakeFiles/cmTC_a19f5.dir/CMakeCXXCompilerABI.cpp.o]
  ignore line: [/apps/gcc/5.2.0/install/bin/c++      -o CMakeFiles/cmTC_a19f5.dir/CMakeCXXCompilerABI.cpp.o -c /u/apps/cmake/cmake-3.5.1/share/cmake-3.5/Modules/CMakeCXXCompilerABI.cpp]
  ignore line: [Linking CXX executable cmTC_a19f5]
  ignore line: [/u/apps/cmake/cmake-3.5.1/bin/cmake -E cmake_link_script CMakeFiles/cmTC_a19f5.dir/link.txt --verbose=1]
  ignore line: [/apps/gcc/5.2.0/install/bin/c++       -v CMakeFiles/cmTC_a19f5.dir/CMakeCXXCompilerABI.cpp.o  -o cmTC_a19f5 -rdynamic  ]
  ignore line: [Using built-in specs.]
  ignore line: [COLLECT_GCC=/apps/gcc/5.2.0/install/bin/c++]
  ignore line: [COLLECT_LTO_WRAPPER=/u/apps/gcc/5.2.0/install/bin/../libexec/gcc/x86_64-unknown-linux-gnu/5.2.0/lto-wrapper]
  ignore line: [Target: x86_64-unknown-linux-gnu]
  ignore line: [Configured with: ../gcc-5.2.0/configure --prefix=/apps/gcc/5.2.0/install --with-gmp=/apps/gmp --with-mpfr=/apps/mpfr --with-mpc=/apps/mpc --with-isl=/apps/isl/0.14 --disable-multilib --enable-languages=c,c++,fortran]
  ignore line: [Thread model: posix]
  ignore line: [gcc version 5.2.0 (GCC) ]
  ignore line: [COMPILER_PATH=/u/apps/gcc/5.2.0/install/bin/../libexec/gcc/x86_64-unknown-linux-gnu/5.2.0/:/u/apps/gcc/5.2.0/install/bin/../libexec/gcc/]
  ignore line: [LIBRARY_PATH=/u/apps/gcc/5.2.0/install/bin/../lib/gcc/x86_64-unknown-linux-gnu/5.2.0/:/u/apps/gcc/5.2.0/install/bin/../lib/gcc/:/u/apps/gcc/5.2.0/install/bin/../lib/gcc/x86_64-unknown-linux-gnu/5.2.0/../../../../lib64/:/lib/../lib64/:/usr/lib/../lib64/:/u/apps/gcc/5.2.0/install/bin/../lib/gcc/x86_64-unknown-linux-gnu/5.2.0/../../../:/lib/:/usr/lib/]
  ignore line: [COLLECT_GCC_OPTIONS='-v' '-o' 'cmTC_a19f5' '-rdynamic' '-shared-libgcc' '-mtune=generic' '-march=x86-64']
  link line: [ /u/apps/gcc/5.2.0/install/bin/../libexec/gcc/x86_64-unknown-linux-gnu/5.2.0/collect2 -plugin /u/apps/gcc/5.2.0/install/bin/../libexec/gcc/x86_64-unknown-linux-gnu/5.2.0/liblto_plugin.so -plugin-opt=/u/apps/gcc/5.2.0/install/bin/../libexec/gcc/x86_64-unknown-linux-gnu/5.2.0/lto-wrapper -plugin-opt=-fresolution=/tmp/cc1mHxwf.res -plugin-opt=-pass-through=-lgcc_s -plugin-opt=-pass-through=-lgcc -plugin-opt=-pass-through=-lc -plugin-opt=-pass-through=-lgcc_s -plugin-opt=-pass-through=-lgcc --eh-frame-hdr -m elf_x86_64 -export-dynamic -dynamic-linker /lib64/ld-linux-x86-64.so.2 -o cmTC_a19f5 /lib/../lib64/crt1.o /lib/../lib64/crti.o /u/apps/gcc/5.2.0/install/bin/../lib/gcc/x86_64-unknown-linux-gnu/5.2.0/crtbegin.o -L/u/apps/gcc/5.2.0/install/bin/../lib/gcc/x86_64-unknown-linux-gnu/5.2.0 -L/u/apps/gcc/5.2.0/install/bin/../lib/gcc -L/u/apps/gcc/5.2.0/install/bin/../lib/gcc/x86_64-unknown-linux-gnu/5.2.0/../../../../lib64 -L/lib/../lib64 -L/usr/lib/../lib64 -L/u/apps/gcc/5.2.0/install/bin/../lib/gcc/x86_64-unknown-linux-gnu/5.2.0/../../.. CMakeFiles/cmTC_a19f5.dir/CMakeCXXCompilerABI.cpp.o -lstdc++ -lm -lgcc_s -lgcc -lc -lgcc_s -lgcc /u/apps/gcc/5.2.0/install/bin/../lib/gcc/x86_64-unknown-linux-gnu/5.2.0/crtend.o /lib/../lib64/crtn.o]
    arg [/u/apps/gcc/5.2.0/install/bin/../libexec/gcc/x86_64-unknown-linux-gnu/5.2.0/collect2] ==> ignore
    arg [-plugin] ==> ignore
    arg [/u/apps/gcc/5.2.0/install/bin/../libexec/gcc/x86_64-unknown-linux-gnu/5.2.0/liblto_plugin.so] ==> ignore
    arg [-plugin-opt=/u/apps/gcc/5.2.0/install/bin/../libexec/gcc/x86_64-unknown-linux-gnu/5.2.0/lto-wrapper] ==> ignore
    arg [-plugin-opt=-fresolution=/tmp/cc1mHxwf.res] ==> ignore
    arg [-plugin-opt=-pass-through=-lgcc_s] ==> ignore
    arg [-plugin-opt=-pass-through=-lgcc] ==> ignore
    arg [-plugin-opt=-pass-through=-lc] ==> ignore
    arg [-plugin-opt=-pass-through=-lgcc_s] ==> ignore
    arg [-plugin-opt=-pass-through=-lgcc] ==> ignore
    arg [--eh-frame-hdr] ==> ignore
    arg [-m] ==> ignore
    arg [elf_x86_64] ==> ignore
    arg [-export-dynamic] ==> ignore
    arg [-dynamic-linker] ==> ignore
    arg [/lib64/ld-linux-x86-64.so.2] ==> ignore
    arg [-o] ==> ignore
    arg [cmTC_a19f5] ==> ignore
    arg [/lib/../lib64/crt1.o] ==> ignore
    arg [/lib/../lib64/crti.o] ==> ignore
    arg [/u/apps/gcc/5.2.0/install/bin/../lib/gcc/x86_64-unknown-linux-gnu/5.2.0/crtbegin.o] ==> ignore
    arg [-L/u/apps/gcc/5.2.0/install/bin/../lib/gcc/x86_64-unknown-linux-gnu/5.2.0] ==> dir [/u/apps/gcc/5.2.0/install/bin/../lib/gcc/x86_64-unknown-linux-gnu/5.2.0]
    arg [-L/u/apps/gcc/5.2.0/install/bin/../lib/gcc] ==> dir [/u/apps/gcc/5.2.0/install/bin/../lib/gcc]
    arg [-L/u/apps/gcc/5.2.0/install/bin/../lib/gcc/x86_64-unknown-linux-gnu/5.2.0/../../../../lib64] ==> dir [/u/apps/gcc/5.2.0/install/bin/../lib/gcc/x86_64-unknown-linux-gnu/5.2.0/../../../../lib64]
    arg [-L/lib/../lib64] ==> dir [/lib/../lib64]
    arg [-L/usr/lib/../lib64] ==> dir [/usr/lib/../lib64]
    arg [-L/u/apps/gcc/5.2.0/install/bin/../lib/gcc/x86_64-unknown-linux-gnu/5.2.0/../../..] ==> dir [/u/apps/gcc/5.2.0/install/bin/../lib/gcc/x86_64-unknown-linux-gnu/5.2.0/../../..]
    arg [CMakeFiles/cmTC_a19f5.dir/CMakeCXXCompilerABI.cpp.o] ==> ignore
    arg [-lstdc++] ==> lib [stdc++]
    arg [-lm] ==> lib [m]
    arg [-lgcc_s] ==> lib [gcc_s]
    arg [-lgcc] ==> lib [gcc]
    arg [-lc] ==> lib [c]
    arg [-lgcc_s] ==> lib [gcc_s]
    arg [-lgcc] ==> lib [gcc]
    arg [/u/apps/gcc/5.2.0/install/bin/../lib/gcc/x86_64-unknown-linux-gnu/5.2.0/crtend.o] ==> ignore
    arg [/lib/../lib64/crtn.o] ==> ignore
  remove lib [gcc_s]
  remove lib [gcc]
  remove lib [gcc_s]
  remove lib [gcc]
  collapse library dir [/u/apps/gcc/5.2.0/install/bin/../lib/gcc/x86_64-unknown-linux-gnu/5.2.0] ==> [/u/apps/gcc/5.2.0/install/lib/gcc/x86_64-unknown-linux-gnu/5.2.0]
  collapse library dir [/u/apps/gcc/5.2.0/install/bin/../lib/gcc] ==> [/u/apps/gcc/5.2.0/install/lib/gcc]
  collapse library dir [/u/apps/gcc/5.2.0/install/bin/../lib/gcc/x86_64-unknown-linux-gnu/5.2.0/../../../../lib64] ==> [/u/apps/gcc/5.2.0/install/lib64]
  collapse library dir [/lib/../lib64] ==> [/lib64]
  collapse library dir [/usr/lib/../lib64] ==> [/usr/lib64]
  collapse library dir [/u/apps/gcc/5.2.0/install/bin/../lib/gcc/x86_64-unknown-linux-gnu/5.2.0/../../..] ==> [/u/apps/gcc/5.2.0/install/lib]
  implicit libs: [stdc++;m;c]
  implicit dirs: [/u/apps/gcc/5.2.0/install/lib/gcc/x86_64-unknown-linux-gnu/5.2.0;/u/apps/gcc/5.2.0/install/lib/gcc;/u/apps/gcc/5.2.0/install/lib64;/lib64;/usr/lib64;/u/apps/gcc/5.2.0/install/lib]
  implicit fwks: []




Detecting CXX [-std=c++14] compiler features compiled with the following output:
Change Dir: /home/jbane/tritium/Tri_offline/kin_txt/CMakeFiles/CMakeTmp

Run Build Command:"/usr/bin/gmake" "cmTC_a2c24/fast"
/usr/bin/gmake -f CMakeFiles/cmTC_a2c24.dir/build.make CMakeFiles/cmTC_a2c24.dir/build
gmake[1]: Entering directory `/home/jbane/tritium/Tri_offline/kin_txt/CMakeFiles/CMakeTmp'
Building CXX object CMakeFiles/cmTC_a2c24.dir/feature_tests.cxx.o
/apps/gcc/5.2.0/install/bin/c++     -std=c++14 -o CMakeFiles/cmTC_a2c24.dir/feature_tests.cxx.o -c /home/jbane/tritium/Tri_offline/kin_txt/CMakeFiles/feature_tests.cxx
Linking CXX executable cmTC_a2c24
/u/apps/cmake/cmake-3.5.1/bin/cmake -E cmake_link_script CMakeFiles/cmTC_a2c24.dir/link.txt --verbose=1
/apps/gcc/5.2.0/install/bin/c++        CMakeFiles/cmTC_a2c24.dir/feature_tests.cxx.o  -o cmTC_a2c24 -rdynamic 
gmake[1]: Leaving directory `/home/jbane/tritium/Tri_offline/kin_txt/CMakeFiles/CMakeTmp'


    Feature record: CXX_FEATURE:1cxx_aggregate_default_initializers
    Feature record: CXX_FEATURE:1cxx_alias_templates
    Feature record: CXX_FEATURE:1cxx_alignas
    Feature record: CXX_FEATURE:1cxx_alignof
    Feature record: CXX_FEATURE:1cxx_attributes
    Feature record: CXX_FEATURE:1cxx_attribute_deprecated
    Feature record: CXX_FEATURE:1cxx_auto_type
    Feature record: CXX_FEATURE:1cxx_binary_literals
    Feature record: CXX_FEATURE:1cxx_constexpr
    Feature record: CXX_FEATURE:1cxx_contextual_conversions
    Feature record: CXX_FEATURE:1cxx_decltype
    Feature record: CXX_FEATURE:1cxx_decltype_auto
    Feature record: CXX_FEATURE:1cxx_decltype_incomplete_return_types
    Feature record: CXX_FEATURE:1cxx_default_function_template_args
    Feature record: CXX_FEATURE:1cxx_defaulted_functions
    Feature record: CXX_FEATURE:1cxx_defaulted_move_initializers
    Feature record: CXX_FEATURE:1cxx_delegating_constructors
    Feature record: CXX_FEATURE:1cxx_deleted_functions
    Feature record: CXX_FEATURE:1cxx_digit_separators
    Feature record: CXX_FEATURE:1cxx_enum_forward_declarations
    Feature record: CXX_FEATURE:1cxx_explicit_conversions
    Feature record: CXX_FEATURE:1cxx_extended_friend_declarations
    Feature record: CXX_FEATURE:1cxx_extern_templates
    Feature record: CXX_FEATURE:1cxx_final
    Feature record: CXX_FEATURE:1cxx_func_identifier
    Feature record: CXX_FEATURE:1cxx_generalized_initializers
    Feature record: CXX_FEATURE:1cxx_generic_lambdas
    Feature record: CXX_FEATURE:1cxx_inheriting_constructors
    Feature record: CXX_FEATURE:1cxx_inline_namespaces
    Feature record: CXX_FEATURE:1cxx_lambdas
    Feature record: CXX_FEATURE:1cxx_lambda_init_captures
    Feature record: CXX_FEATURE:1cxx_local_type_template_args
    Feature record: CXX_FEATURE:1cxx_long_long_type
    Feature record: CXX_FEATURE:1cxx_noexcept
    Feature record: CXX_FEATURE:1cxx_nonstatic_member_init
    Feature record: CXX_FEATURE:1cxx_nullptr
    Feature record: CXX_FEATURE:1cxx_override
    Feature record: CXX_FEATURE:1cxx_range_for
    Feature record: CXX_FEATURE:1cxx_raw_string_literals
    Feature record: CXX_FEATURE:1cxx_reference_qualified_functions
    Feature record: CXX_FEATURE:1cxx_relaxed_constexpr
    Feature record: CXX_FEATURE:1cxx_return_type_deduction
    Feature record: CXX_FEATURE:1cxx_right_angle_brackets
    Feature record: CXX_FEATURE:1cxx_rvalue_references
    Feature record: CXX_FEATURE:1cxx_sizeof_member
    Feature record: CXX_FEATURE:1cxx_static_assert
    Feature record: CXX_FEATURE:1cxx_strong_enums
    Feature record: CXX_FEATURE:1cxx_template_template_parameters
    Feature record: CXX_FEATURE:1cxx_thread_local
    Feature record: CXX_FEATURE:1cxx_trailing_return_types
    Feature record: CXX_FEATURE:1cxx_unicode_literals
    Feature record: CXX_FEATURE:1cxx_uniform_initialization
    Feature record: CXX_FEATURE:1cxx_unrestricted_unions
    Feature record: CXX_FEATURE:1cxx_user_literals
    Feature record: CXX_FEATURE:1cxx_variable_templates
    Feature record: CXX_FEATURE:1cxx_variadic_macros
    Feature record: CXX_FEATURE:1cxx_variadic_templates


Detecting CXX [-std=c++11] compiler features compiled with the following output:
Change Dir: /home/jbane/tritium/Tri_offline/kin_txt/CMakeFiles/CMakeTmp

Run Build Command:"/usr/bin/gmake" "cmTC_0bd81/fast"
/usr/bin/gmake -f CMakeFiles/cmTC_0bd81.dir/build.make CMakeFiles/cmTC_0bd81.dir/build
gmake[1]: Entering directory `/home/jbane/tritium/Tri_offline/kin_txt/CMakeFiles/CMakeTmp'
Building CXX object CMakeFiles/cmTC_0bd81.dir/feature_tests.cxx.o
/apps/gcc/5.2.0/install/bin/c++     -std=c++11 -o CMakeFiles/cmTC_0bd81.dir/feature_tests.cxx.o -c /home/jbane/tritium/Tri_offline/kin_txt/CMakeFiles/feature_tests.cxx
Linking CXX executable cmTC_0bd81
/u/apps/cmake/cmake-3.5.1/bin/cmake -E cmake_link_script CMakeFiles/cmTC_0bd81.dir/link.txt --verbose=1
/apps/gcc/5.2.0/install/bin/c++        CMakeFiles/cmTC_0bd81.dir/feature_tests.cxx.o  -o cmTC_0bd81 -rdynamic 
gmake[1]: Leaving directory `/home/jbane/tritium/Tri_offline/kin_txt/CMakeFiles/CMakeTmp'


    Feature record: CXX_FEATURE:0cxx_aggregate_default_initializers
    Feature record: CXX_FEATURE:1cxx_alias_templates
    Feature record: CXX_FEATURE:1cxx_alignas
    Feature record: CXX_FEATURE:1cxx_alignof
    Feature record: CXX_FEATURE:1cxx_attributes
    Feature record: CXX_FEATURE:0cxx_attribute_deprecated
    Feature record: CXX_FEATURE:1cxx_auto_type
    Feature record: CXX_FEATURE:0cxx_binary_literals
    Feature record: CXX_FEATURE:1cxx_constexpr
    Feature record: CXX_FEATURE:0cxx_contextual_conversions
    Feature record: CXX_FEATURE:1cxx_decltype
    Feature record: CXX_FEATURE:0cxx_decltype_auto
    Feature record: CXX_FEATURE:1cxx_decltype_incomplete_return_types
    Feature record: CXX_FEATURE:1cxx_default_function_template_args
    Feature record: CXX_FEATURE:1cxx_defaulted_functions
    Feature record: CXX_FEATURE:1cxx_defaulted_move_initializers
    Feature record: CXX_FEATURE:1cxx_delegating_constructors
    Feature record: CXX_FEATURE:1cxx_deleted_functions
    Feature record: CXX_FEATURE:0cxx_digit_separators
    Feature record: CXX_FEATURE:1cxx_enum_forward_declarations
    Feature record: CXX_FEATURE:1cxx_explicit_conversions
    Feature record: CXX_FEATURE:1cxx_extended_friend_declarations
    Feature record: CXX_FEATURE:1cxx_extern_templates
    Feature record: CXX_FEATURE:1cxx_final
    Feature record: CXX_FEATURE:1cxx_func_identifier
    Feature record: CXX_FEATURE:1cxx_generalized_initializers
    Feature record: CXX_FEATURE:0cxx_generic_lambdas
    Feature record: CXX_FEATURE:1cxx_inheriting_constructors
    Feature record: CXX_FEATURE:1cxx_inline_namespaces
    Feature record: CXX_FEATURE:1cxx_lambdas
    Feature record: CXX_FEATURE:0cxx_lambda_init_captures
    Feature record: CXX_FEATURE:1cxx_local_type_template_args
    Feature record: CXX_FEATURE:1cxx_long_long_type
    Feature record: CXX_FEATURE:1cxx_noexcept
    Feature record: CXX_FEATURE:1cxx_nonstatic_member_init
    Feature record: CXX_FEATURE:1cxx_nullptr
    Feature record: CXX_FEATURE:1cxx_override
    Feature record: CXX_FEATURE:1cxx_range_for
    Feature record: CXX_FEATURE:1cxx_raw_string_literals
    Feature record: CXX_FEATURE:1cxx_reference_qualified_functions
    Feature record: CXX_FEATURE:0cxx_relaxed_constexpr
    Feature record: CXX_FEATURE:0cxx_return_type_deduction
    Feature record: CXX_FEATURE:1cxx_right_angle_brackets
    Feature record: CXX_FEATURE:1cxx_rvalue_references
    Feature record: CXX_FEATURE:1cxx_sizeof_member
    Feature record: CXX_FEATURE:1cxx_static_assert
    Feature record: CXX_FEATURE:1cxx_strong_enums
    Feature record: CXX_FEATURE:1cxx_template_template_parameters
    Feature record: CXX_FEATURE:1cxx_thread_local
    Feature record: CXX_FEATURE:1cxx_trailing_return_types
    Feature record: CXX_FEATURE:1cxx_unicode_literals
    Feature record: CXX_FEATURE:1cxx_uniform_initialization
    Feature record: CXX_FEATURE:1cxx_unrestricted_unions
    Feature record: CXX_FEATURE:1cxx_user_literals
    Feature record: CXX_FEATURE:0cxx_variable_templates
    Feature record: CXX_FEATURE:1cxx_variadic_macros
    Feature record: CXX_FEATURE:1cxx_variadic_templates


Detecting CXX [-std=c++98] compiler features compiled with the following output:
Change Dir: /home/jbane/tritium/Tri_offline/kin_txt/CMakeFiles/CMakeTmp

Run Build Command:"/usr/bin/gmake" "cmTC_f5d9c/fast"
/usr/bin/gmake -f CMakeFiles/cmTC_f5d9c.dir/build.make CMakeFiles/cmTC_f5d9c.dir/build
gmake[1]: Entering directory `/home/jbane/tritium/Tri_offline/kin_txt/CMakeFiles/CMakeTmp'
Building CXX object CMakeFiles/cmTC_f5d9c.dir/feature_tests.cxx.o
/apps/gcc/5.2.0/install/bin/c++     -std=c++98 -o CMakeFiles/cmTC_f5d9c.dir/feature_tests.cxx.o -c /home/jbane/tritium/Tri_offline/kin_txt/CMakeFiles/feature_tests.cxx
Linking CXX executable cmTC_f5d9c
/u/apps/cmake/cmake-3.5.1/bin/cmake -E cmake_link_script CMakeFiles/cmTC_f5d9c.dir/link.txt --verbose=1
/apps/gcc/5.2.0/install/bin/c++        CMakeFiles/cmTC_f5d9c.dir/feature_tests.cxx.o  -o cmTC_f5d9c -rdynamic 
gmake[1]: Leaving directory `/home/jbane/tritium/Tri_offline/kin_txt/CMakeFiles/CMakeTmp'


    Feature record: CXX_FEATURE:0cxx_aggregate_default_initializers
    Feature record: CXX_FEATURE:0cxx_alias_templates
    Feature record: CXX_FEATURE:0cxx_alignas
    Feature record: CXX_FEATURE:0cxx_alignof
    Feature record: CXX_FEATURE:0cxx_attributes
    Feature record: CXX_FEATURE:0cxx_attribute_deprecated
    Feature record: CXX_FEATURE:0cxx_auto_type
    Feature record: CXX_FEATURE:0cxx_binary_literals
    Feature record: CXX_FEATURE:0cxx_constexpr
    Feature record: CXX_FEATURE:0cxx_contextual_conversions
    Feature record: CXX_FEATURE:0cxx_decltype
    Feature record: CXX_FEATURE:0cxx_decltype_auto
    Feature record: CXX_FEATURE:0cxx_decltype_incomplete_return_types
    Feature record: CXX_FEATURE:0cxx_default_function_template_args
    Feature record: CXX_FEATURE:0cxx_defaulted_functions
    Feature record: CXX_FEATURE:0cxx_defaulted_move_initializers
    Feature record: CXX_FEATURE:0cxx_delegating_constructors
    Feature record: CXX_FEATURE:0cxx_deleted_functions
    Feature record: CXX_FEATURE:0cxx_digit_separators
    Feature record: CXX_FEATURE:0cxx_enum_forward_declarations
    Feature record: CXX_FEATURE:0cxx_explicit_conversions
    Feature record: CXX_FEATURE:0cxx_extended_friend_declarations
    Feature record: CXX_FEATURE:0cxx_extern_templates
    Feature record: CXX_FEATURE:0cxx_final
    Feature record: CXX_FEATURE:0cxx_func_identifier
    Feature record: CXX_FEATURE:0cxx_generalized_initializers
    Feature record: CXX_FEATURE:0cxx_generic_lambdas
    Feature record: CXX_FEATURE:0cxx_inheriting_constructors
    Feature record: CXX_FEATURE:0cxx_inline_namespaces
    Feature record: CXX_FEATURE:0cxx_lambdas
    Feature record: CXX_FEATURE:0cxx_lambda_init_captures
    Feature record: CXX_FEATURE:0cxx_local_type_template_args
    Feature record: CXX_FEATURE:0cxx_long_long_type
    Feature record: CXX_FEATURE:0cxx_noexcept
    Feature record: CXX_FEATURE:0cxx_nonstatic_member_init
    Feature record: CXX_FEATURE:0cxx_nullptr
    Feature record: CXX_FEATURE:0cxx_override
    Feature record: CXX_FEATURE:0cxx_range_for
    Feature record: CXX_FEATURE:0cxx_raw_string_literals
    Feature record: CXX_FEATURE:0cxx_reference_qualified_functions
    Feature record: CXX_FEATURE:0cxx_relaxed_constexpr
    Feature record: CXX_FEATURE:0cxx_return_type_deduction
    Feature record: CXX_FEATURE:0cxx_right_angle_brackets
    Feature record: CXX_FEATURE:0cxx_rvalue_references
    Feature record: CXX_FEATURE:0cxx_sizeof_member
    Feature record: CXX_FEATURE:0cxx_static_assert
    Feature record: CXX_FEATURE:0cxx_strong_enums
    Feature record: CXX_FEATURE:1cxx_template_template_parameters
    Feature record: CXX_FEATURE:0cxx_thread_local
    Feature record: CXX_FEATURE:0cxx_trailing_return_types
    Feature record: CXX_FEATURE:0cxx_unicode_literals
    Feature record: CXX_FEATURE:0cxx_uniform_initialization
    Feature record: CXX_FEATURE:0cxx_unrestricted_unions
    Feature record: CXX_FEATURE:0cxx_user_literals
    Feature record: CXX_FEATURE:0cxx_variable_templates
    Feature record: CXX_FEATURE:0cxx_variadic_macros
    Feature record: CXX_FEATURE:0cxx_variadic_templates
